Thu, 11 Aug 2016 19:45:21 RunAndroidInstrumentTests.py[line:112] INFO: ----- START run test TestPlayingFilm#testOpenAndExitFilmPlayer for 720 minutes
Thu, 11 Aug 2016 19:45:21 RunAndroidInstrumentTests.py[line:88] INFO: run test 1 times.
Thu, 11 Aug 2016 19:51:57 RunAndroidInstrumentTests.py[line:98] INFO: current run time: 6 minutes
Thu, 11 Aug 2016 19:51:57 RunAndroidInstrumentTests.py[line:88] INFO: run test 2 times.
Thu, 11 Aug 2016 19:58:39 RunAndroidInstrumentTests.py[line:98] INFO: current run time: 13 minutes
Thu, 11 Aug 2016 19:58:39 RunAndroidInstrumentTests.py[line:88] INFO: run test 3 times.
Thu, 11 Aug 2016 20:05:01 RunAndroidInstrumentTests.py[line:98] INFO: current run time: 19 minutes
Thu, 11 Aug 2016 20:05:01 RunAndroidInstrumentTests.py[line:88] INFO: run test 4 times.
Thu, 11 Aug 2016 20:11:21 RunAndroidInstrumentTests.py[line:98] INFO: current run time: 25 minutes
Thu, 11 Aug 2016 20:11:21 RunAndroidInstrumentTests.py[line:88] INFO: run test 5 times.
Thu, 11 Aug 2016 20:17:29 RunAndroidInstrumentTests.py[line:98] INFO: current run time: 32 minutes
Thu, 11 Aug 2016 20:17:29 RunAndroidInstrumentTests.py[line:88] INFO: run test 6 times.
Thu, 11 Aug 2016 20:24:06 RunAndroidInstrumentTests.py[line:98] INFO: current run time: 38 minutes
Thu, 11 Aug 2016 20:24:06 RunAndroidInstrumentTests.py[line:88] INFO: run test 7 times.
Thu, 11 Aug 2016 20:30:35 RunAndroidInstrumentTests.py[line:98] INFO: current run time: 45 minutes
Thu, 11 Aug 2016 20:30:35 RunAndroidInstrumentTests.py[line:88] INFO: run test 8 times.
Thu, 11 Aug 2016 20:37:04 RunAndroidInstrumentTests.py[line:98] INFO: current run time: 51 minutes
Thu, 11 Aug 2016 20:37:04 RunAndroidInstrumentTests.py[line:88] INFO: run test 9 times.
Thu, 11 Aug 2016 20:43:46 RunAndroidInstrumentTests.py[line:98] INFO: current run time: 58 minutes
Thu, 11 Aug 2016 20:43:46 RunAndroidInstrumentTests.py[line:88] INFO: run test 10 times.
Thu, 11 Aug 2016 20:50:12 RunAndroidInstrumentTests.py[line:98] INFO: current run time: 64 minutes
Thu, 11 Aug 2016 20:50:12 RunAndroidInstrumentTests.py[line:88] INFO: run test 11 times.
Thu, 11 Aug 2016 20:56:35 RunAndroidInstrumentTests.py[line:98] INFO: current run time: 71 minutes
Thu, 11 Aug 2016 20:56:35 RunAndroidInstrumentTests.py[line:88] INFO: run test 12 times.
Thu, 11 Aug 2016 21:03:00 RunAndroidInstrumentTests.py[line:98] INFO: current run time: 77 minutes
Thu, 11 Aug 2016 21:03:00 RunAndroidInstrumentTests.py[line:88] INFO: run test 13 times.
Thu, 11 Aug 2016 21:09:16 RunAndroidInstrumentTests.py[line:98] INFO: current run time: 83 minutes
Thu, 11 Aug 2016 21:09:16 RunAndroidInstrumentTests.py[line:88] INFO: run test 14 times.
Thu, 11 Aug 2016 21:15:41 RunAndroidInstrumentTests.py[line:98] INFO: current run time: 90 minutes
Thu, 11 Aug 2016 21:15:41 RunAndroidInstrumentTests.py[line:88] INFO: run test 15 times.
Thu, 11 Aug 2016 21:21:53 RunAndroidInstrumentTests.py[line:98] INFO: current run time: 96 minutes
Thu, 11 Aug 2016 21:21:53 RunAndroidInstrumentTests.py[line:88] INFO: run test 16 times.
Thu, 11 Aug 2016 21:28:27 RunAndroidInstrumentTests.py[line:98] INFO: current run time: 103 minutes
Thu, 11 Aug 2016 21:28:27 RunAndroidInstrumentTests.py[line:88] INFO: run test 17 times.
Thu, 11 Aug 2016 21:35:10 RunAndroidInstrumentTests.py[line:98] INFO: current run time: 109 minutes
Thu, 11 Aug 2016 21:35:10 RunAndroidInstrumentTests.py[line:88] INFO: run test 18 times.
Thu, 11 Aug 2016 21:41:23 RunAndroidInstrumentTests.py[line:98] INFO: current run time: 116 minutes
Thu, 11 Aug 2016 21:41:23 RunAndroidInstrumentTests.py[line:88] INFO: run test 19 times.
Thu, 11 Aug 2016 21:48:01 RunAndroidInstrumentTests.py[line:98] INFO: current run time: 122 minutes
Thu, 11 Aug 2016 21:48:01 RunAndroidInstrumentTests.py[line:88] INFO: run test 20 times.
Thu, 11 Aug 2016 21:54:40 RunAndroidInstrumentTests.py[line:98] INFO: current run time: 129 minutes
Thu, 11 Aug 2016 21:54:40 RunAndroidInstrumentTests.py[line:88] INFO: run test 21 times.
Thu, 11 Aug 2016 22:01:14 RunAndroidInstrumentTests.py[line:98] INFO: current run time: 135 minutes
Thu, 11 Aug 2016 22:01:14 RunAndroidInstrumentTests.py[line:88] INFO: run test 22 times.
Thu, 11 Aug 2016 22:07:52 RunAndroidInstrumentTests.py[line:98] INFO: current run time: 142 minutes
Thu, 11 Aug 2016 22:07:52 RunAndroidInstrumentTests.py[line:88] INFO: run test 23 times.
Thu, 11 Aug 2016 22:14:09 RunAndroidInstrumentTests.py[line:98] INFO: current run time: 148 minutes
Thu, 11 Aug 2016 22:14:09 RunAndroidInstrumentTests.py[line:88] INFO: run test 24 times.
Thu, 11 Aug 2016 22:20:31 RunAndroidInstrumentTests.py[line:98] INFO: current run time: 155 minutes
Thu, 11 Aug 2016 22:20:31 RunAndroidInstrumentTests.py[line:88] INFO: run test 25 times.
Thu, 11 Aug 2016 22:26:51 RunAndroidInstrumentTests.py[line:98] INFO: current run time: 161 minutes
Thu, 11 Aug 2016 22:26:51 RunAndroidInstrumentTests.py[line:88] INFO: run test 26 times.
Thu, 11 Aug 2016 22:33:18 RunAndroidInstrumentTests.py[line:98] INFO: current run time: 167 minutes
Thu, 11 Aug 2016 22:33:18 RunAndroidInstrumentTests.py[line:88] INFO: run test 27 times.
Thu, 11 Aug 2016 22:39:49 RunAndroidInstrumentTests.py[line:98] INFO: current run time: 174 minutes
Thu, 11 Aug 2016 22:39:49 RunAndroidInstrumentTests.py[line:88] INFO: run test 28 times.
Thu, 11 Aug 2016 22:46:23 RunAndroidInstrumentTests.py[line:98] INFO: current run time: 181 minutes
Thu, 11 Aug 2016 22:46:23 RunAndroidInstrumentTests.py[line:88] INFO: run test 29 times.
Thu, 11 Aug 2016 22:52:36 RunAndroidInstrumentTests.py[line:98] INFO: current run time: 187 minutes
Thu, 11 Aug 2016 22:52:36 RunAndroidInstrumentTests.py[line:88] INFO: run test 30 times.
Thu, 11 Aug 2016 22:58:45 RunAndroidInstrumentTests.py[line:98] INFO: current run time: 193 minutes
Thu, 11 Aug 2016 22:58:45 RunAndroidInstrumentTests.py[line:88] INFO: run test 31 times.
Thu, 11 Aug 2016 23:04:54 RunAndroidInstrumentTests.py[line:98] INFO: current run time: 199 minutes
Thu, 11 Aug 2016 23:04:54 RunAndroidInstrumentTests.py[line:88] INFO: run test 32 times.
Thu, 11 Aug 2016 23:11:21 RunAndroidInstrumentTests.py[line:98] INFO: current run time: 205 minutes
Thu, 11 Aug 2016 23:11:21 RunAndroidInstrumentTests.py[line:88] INFO: run test 33 times.
Thu, 11 Aug 2016 23:17:39 RunAndroidInstrumentTests.py[line:98] INFO: current run time: 212 minutes
Thu, 11 Aug 2016 23:17:39 RunAndroidInstrumentTests.py[line:88] INFO: run test 34 times.
Thu, 11 Aug 2016 23:23:49 RunAndroidInstrumentTests.py[line:98] INFO: current run time: 218 minutes
Thu, 11 Aug 2016 23:23:49 RunAndroidInstrumentTests.py[line:88] INFO: run test 35 times.
Thu, 11 Aug 2016 23:30:30 RunAndroidInstrumentTests.py[line:98] INFO: current run time: 225 minutes
Thu, 11 Aug 2016 23:30:30 RunAndroidInstrumentTests.py[line:88] INFO: run test 36 times.
Thu, 11 Aug 2016 23:36:57 RunAndroidInstrumentTests.py[line:98] INFO: current run time: 231 minutes
Thu, 11 Aug 2016 23:36:57 RunAndroidInstrumentTests.py[line:88] INFO: run test 37 times.
Thu, 11 Aug 2016 23:43:10 RunAndroidInstrumentTests.py[line:98] INFO: current run time: 237 minutes
Thu, 11 Aug 2016 23:43:10 RunAndroidInstrumentTests.py[line:88] INFO: run test 38 times.
Thu, 11 Aug 2016 23:49:28 RunAndroidInstrumentTests.py[line:98] INFO: current run time: 244 minutes
Thu, 11 Aug 2016 23:49:28 RunAndroidInstrumentTests.py[line:88] INFO: run test 39 times.
Thu, 11 Aug 2016 23:55:40 RunAndroidInstrumentTests.py[line:98] INFO: current run time: 250 minutes
Thu, 11 Aug 2016 23:55:40 RunAndroidInstrumentTests.py[line:88] INFO: run test 40 times.
Fri, 12 Aug 2016 00:02:29 RunAndroidInstrumentTests.py[line:98] INFO: current run time: 257 minutes
Fri, 12 Aug 2016 00:02:29 RunAndroidInstrumentTests.py[line:88] INFO: run test 41 times.
Fri, 12 Aug 2016 00:09:00 RunAndroidInstrumentTests.py[line:98] INFO: current run time: 263 minutes
Fri, 12 Aug 2016 00:09:00 RunAndroidInstrumentTests.py[line:88] INFO: run test 42 times.
Fri, 12 Aug 2016 00:15:18 RunAndroidInstrumentTests.py[line:98] INFO: current run time: 269 minutes
Fri, 12 Aug 2016 00:15:18 RunAndroidInstrumentTests.py[line:88] INFO: run test 43 times.
Fri, 12 Aug 2016 00:21:58 RunAndroidInstrumentTests.py[line:98] INFO: current run time: 276 minutes
Fri, 12 Aug 2016 00:21:58 RunAndroidInstrumentTests.py[line:88] INFO: run test 44 times.
Fri, 12 Aug 2016 00:28:27 RunAndroidInstrumentTests.py[line:98] INFO: current run time: 283 minutes
Fri, 12 Aug 2016 00:28:27 RunAndroidInstrumentTests.py[line:88] INFO: run test 45 times.
Fri, 12 Aug 2016 00:34:59 RunAndroidInstrumentTests.py[line:98] INFO: current run time: 289 minutes
Fri, 12 Aug 2016 00:34:59 RunAndroidInstrumentTests.py[line:88] INFO: run test 46 times.
Fri, 12 Aug 2016 00:41:36 RunAndroidInstrumentTests.py[line:98] INFO: current run time: 296 minutes
Fri, 12 Aug 2016 00:41:36 RunAndroidInstrumentTests.py[line:88] INFO: run test 47 times.
Fri, 12 Aug 2016 00:47:49 RunAndroidInstrumentTests.py[line:98] INFO: current run time: 302 minutes
Fri, 12 Aug 2016 00:47:49 RunAndroidInstrumentTests.py[line:88] INFO: run test 48 times.
Fri, 12 Aug 2016 00:54:10 RunAndroidInstrumentTests.py[line:98] INFO: current run time: 308 minutes
Fri, 12 Aug 2016 00:54:10 RunAndroidInstrumentTests.py[line:88] INFO: run test 49 times.
Fri, 12 Aug 2016 01:00:34 RunAndroidInstrumentTests.py[line:98] INFO: current run time: 315 minutes
Fri, 12 Aug 2016 01:00:34 RunAndroidInstrumentTests.py[line:88] INFO: run test 50 times.
Fri, 12 Aug 2016 01:07:04 RunAndroidInstrumentTests.py[line:98] INFO: current run time: 321 minutes
Fri, 12 Aug 2016 01:07:04 RunAndroidInstrumentTests.py[line:88] INFO: run test 51 times.
Fri, 12 Aug 2016 01:13:30 RunAndroidInstrumentTests.py[line:98] INFO: current run time: 328 minutes
Fri, 12 Aug 2016 01:13:30 RunAndroidInstrumentTests.py[line:88] INFO: run test 52 times.
Fri, 12 Aug 2016 01:19:49 RunAndroidInstrumentTests.py[line:98] INFO: current run time: 334 minutes
Fri, 12 Aug 2016 01:19:49 RunAndroidInstrumentTests.py[line:88] INFO: run test 53 times.
Fri, 12 Aug 2016 01:26:24 RunAndroidInstrumentTests.py[line:98] INFO: current run time: 341 minutes
Fri, 12 Aug 2016 01:26:24 RunAndroidInstrumentTests.py[line:88] INFO: run test 54 times.
Fri, 12 Aug 2016 01:33:08 RunAndroidInstrumentTests.py[line:98] INFO: current run time: 347 minutes
Fri, 12 Aug 2016 01:33:08 RunAndroidInstrumentTests.py[line:88] INFO: run test 55 times.
Fri, 12 Aug 2016 01:39:36 RunAndroidInstrumentTests.py[line:98] INFO: current run time: 354 minutes
Fri, 12 Aug 2016 01:39:36 RunAndroidInstrumentTests.py[line:88] INFO: run test 56 times.
Fri, 12 Aug 2016 01:46:02 RunAndroidInstrumentTests.py[line:98] INFO: current run time: 360 minutes
Fri, 12 Aug 2016 01:46:02 RunAndroidInstrumentTests.py[line:88] INFO: run test 57 times.
Fri, 12 Aug 2016 01:52:28 RunAndroidInstrumentTests.py[line:98] INFO: current run time: 367 minutes
Fri, 12 Aug 2016 01:52:28 RunAndroidInstrumentTests.py[line:88] INFO: run test 58 times.
Fri, 12 Aug 2016 01:58:47 RunAndroidInstrumentTests.py[line:98] INFO: current run time: 373 minutes
Fri, 12 Aug 2016 01:58:47 RunAndroidInstrumentTests.py[line:88] INFO: run test 59 times.
Fri, 12 Aug 2016 02:05:09 RunAndroidInstrumentTests.py[line:98] INFO: current run time: 379 minutes
Fri, 12 Aug 2016 02:05:09 RunAndroidInstrumentTests.py[line:88] INFO: run test 60 times.
Fri, 12 Aug 2016 02:11:39 RunAndroidInstrumentTests.py[line:98] INFO: current run time: 386 minutes
Fri, 12 Aug 2016 02:11:39 RunAndroidInstrumentTests.py[line:88] INFO: run test 61 times.
Fri, 12 Aug 2016 02:18:12 RunAndroidInstrumentTests.py[line:98] INFO: current run time: 392 minutes
Fri, 12 Aug 2016 02:18:12 RunAndroidInstrumentTests.py[line:88] INFO: run test 62 times.
Fri, 12 Aug 2016 02:24:39 RunAndroidInstrumentTests.py[line:98] INFO: current run time: 399 minutes
Fri, 12 Aug 2016 02:24:39 RunAndroidInstrumentTests.py[line:88] INFO: run test 63 times.
Fri, 12 Aug 2016 02:31:17 RunAndroidInstrumentTests.py[line:98] INFO: current run time: 405 minutes
Fri, 12 Aug 2016 02:31:17 RunAndroidInstrumentTests.py[line:88] INFO: run test 64 times.
Fri, 12 Aug 2016 02:37:52 RunAndroidInstrumentTests.py[line:98] INFO: current run time: 412 minutes
Fri, 12 Aug 2016 02:37:52 RunAndroidInstrumentTests.py[line:88] INFO: run test 65 times.
Fri, 12 Aug 2016 02:44:18 RunAndroidInstrumentTests.py[line:98] INFO: current run time: 418 minutes
Fri, 12 Aug 2016 02:44:18 RunAndroidInstrumentTests.py[line:88] INFO: run test 66 times.
Fri, 12 Aug 2016 02:50:55 RunAndroidInstrumentTests.py[line:98] INFO: current run time: 425 minutes
Fri, 12 Aug 2016 02:50:55 RunAndroidInstrumentTests.py[line:88] INFO: run test 67 times.
Fri, 12 Aug 2016 02:57:09 RunAndroidInstrumentTests.py[line:98] INFO: current run time: 431 minutes
Fri, 12 Aug 2016 02:57:09 RunAndroidInstrumentTests.py[line:88] INFO: run test 68 times.
Fri, 12 Aug 2016 03:03:50 RunAndroidInstrumentTests.py[line:98] INFO: current run time: 438 minutes
Fri, 12 Aug 2016 03:03:50 RunAndroidInstrumentTests.py[line:88] INFO: run test 69 times.
Fri, 12 Aug 2016 03:10:33 RunAndroidInstrumentTests.py[line:98] INFO: current run time: 445 minutes
Fri, 12 Aug 2016 03:10:33 RunAndroidInstrumentTests.py[line:88] INFO: run test 70 times.
Fri, 12 Aug 2016 03:17:03 RunAndroidInstrumentTests.py[line:98] INFO: current run time: 451 minutes
Fri, 12 Aug 2016 03:17:03 RunAndroidInstrumentTests.py[line:88] INFO: run test 71 times.
Fri, 12 Aug 2016 03:23:17 RunAndroidInstrumentTests.py[line:98] INFO: current run time: 457 minutes
Fri, 12 Aug 2016 03:23:17 RunAndroidInstrumentTests.py[line:88] INFO: run test 72 times.
Fri, 12 Aug 2016 03:29:57 RunAndroidInstrumentTests.py[line:98] INFO: current run time: 464 minutes
Fri, 12 Aug 2016 03:29:57 RunAndroidInstrumentTests.py[line:88] INFO: run test 73 times.
Fri, 12 Aug 2016 03:36:35 RunAndroidInstrumentTests.py[line:98] INFO: current run time: 471 minutes
Fri, 12 Aug 2016 03:36:35 RunAndroidInstrumentTests.py[line:88] INFO: run test 74 times.
Fri, 12 Aug 2016 03:42:56 RunAndroidInstrumentTests.py[line:98] INFO: current run time: 477 minutes
Fri, 12 Aug 2016 03:42:56 RunAndroidInstrumentTests.py[line:88] INFO: run test 75 times.
Fri, 12 Aug 2016 03:49:29 RunAndroidInstrumentTests.py[line:98] INFO: current run time: 484 minutes
Fri, 12 Aug 2016 03:49:29 RunAndroidInstrumentTests.py[line:88] INFO: run test 76 times.
Fri, 12 Aug 2016 03:55:55 RunAndroidInstrumentTests.py[line:98] INFO: current run time: 490 minutes
Fri, 12 Aug 2016 03:55:55 RunAndroidInstrumentTests.py[line:88] INFO: run test 77 times.
Fri, 12 Aug 2016 04:02:21 RunAndroidInstrumentTests.py[line:98] INFO: current run time: 496 minutes
Fri, 12 Aug 2016 04:02:21 RunAndroidInstrumentTests.py[line:88] INFO: run test 78 times.
Fri, 12 Aug 2016 04:08:56 RunAndroidInstrumentTests.py[line:98] INFO: current run time: 503 minutes
Fri, 12 Aug 2016 04:08:56 RunAndroidInstrumentTests.py[line:88] INFO: run test 79 times.
Fri, 12 Aug 2016 04:15:04 RunAndroidInstrumentTests.py[line:98] INFO: current run time: 509 minutes
Fri, 12 Aug 2016 04:15:04 RunAndroidInstrumentTests.py[line:88] INFO: run test 80 times.
Fri, 12 Aug 2016 04:21:16 RunAndroidInstrumentTests.py[line:98] INFO: current run time: 515 minutes
Fri, 12 Aug 2016 04:21:16 RunAndroidInstrumentTests.py[line:88] INFO: run test 81 times.
Fri, 12 Aug 2016 04:27:55 RunAndroidInstrumentTests.py[line:98] INFO: current run time: 522 minutes
Fri, 12 Aug 2016 04:27:55 RunAndroidInstrumentTests.py[line:88] INFO: run test 82 times.
Fri, 12 Aug 2016 04:34:21 RunAndroidInstrumentTests.py[line:98] INFO: current run time: 528 minutes
Fri, 12 Aug 2016 04:34:21 RunAndroidInstrumentTests.py[line:88] INFO: run test 83 times.
Fri, 12 Aug 2016 04:41:02 RunAndroidInstrumentTests.py[line:98] INFO: current run time: 535 minutes
Fri, 12 Aug 2016 04:41:02 RunAndroidInstrumentTests.py[line:88] INFO: run test 84 times.
Fri, 12 Aug 2016 04:47:27 RunAndroidInstrumentTests.py[line:98] INFO: current run time: 542 minutes
Fri, 12 Aug 2016 04:47:27 RunAndroidInstrumentTests.py[line:88] INFO: run test 85 times.
Fri, 12 Aug 2016 04:54:05 RunAndroidInstrumentTests.py[line:98] INFO: current run time: 548 minutes
Fri, 12 Aug 2016 04:54:05 RunAndroidInstrumentTests.py[line:88] INFO: run test 86 times.
Fri, 12 Aug 2016 05:00:17 RunAndroidInstrumentTests.py[line:98] INFO: current run time: 554 minutes
Fri, 12 Aug 2016 05:00:17 RunAndroidInstrumentTests.py[line:88] INFO: run test 87 times.
Fri, 12 Aug 2016 05:06:30 RunAndroidInstrumentTests.py[line:98] INFO: current run time: 561 minutes
Fri, 12 Aug 2016 05:06:30 RunAndroidInstrumentTests.py[line:88] INFO: run test 88 times.
Fri, 12 Aug 2016 05:13:08 RunAndroidInstrumentTests.py[line:98] INFO: current run time: 567 minutes
Fri, 12 Aug 2016 05:13:08 RunAndroidInstrumentTests.py[line:88] INFO: run test 89 times.
Fri, 12 Aug 2016 05:19:45 RunAndroidInstrumentTests.py[line:98] INFO: current run time: 574 minutes
Fri, 12 Aug 2016 05:19:45 RunAndroidInstrumentTests.py[line:88] INFO: run test 90 times.
Fri, 12 Aug 2016 05:25:55 RunAndroidInstrumentTests.py[line:98] INFO: current run time: 580 minutes
Fri, 12 Aug 2016 05:25:55 RunAndroidInstrumentTests.py[line:88] INFO: run test 91 times.
Fri, 12 Aug 2016 05:32:24 RunAndroidInstrumentTests.py[line:98] INFO: current run time: 587 minutes
Fri, 12 Aug 2016 05:32:24 RunAndroidInstrumentTests.py[line:88] INFO: run test 92 times.
Fri, 12 Aug 2016 05:38:43 RunAndroidInstrumentTests.py[line:98] INFO: current run time: 593 minutes
Fri, 12 Aug 2016 05:38:43 RunAndroidInstrumentTests.py[line:88] INFO: run test 93 times.
Fri, 12 Aug 2016 05:44:52 RunAndroidInstrumentTests.py[line:98] INFO: current run time: 599 minutes
Fri, 12 Aug 2016 05:44:52 RunAndroidInstrumentTests.py[line:88] INFO: run test 94 times.
Fri, 12 Aug 2016 05:51:15 RunAndroidInstrumentTests.py[line:98] INFO: current run time: 605 minutes
Fri, 12 Aug 2016 05:51:15 RunAndroidInstrumentTests.py[line:88] INFO: run test 95 times.
Fri, 12 Aug 2016 05:57:22 RunAndroidInstrumentTests.py[line:98] INFO: current run time: 612 minutes
Fri, 12 Aug 2016 05:57:22 RunAndroidInstrumentTests.py[line:88] INFO: run test 96 times.
Fri, 12 Aug 2016 06:03:48 RunAndroidInstrumentTests.py[line:98] INFO: current run time: 618 minutes
Fri, 12 Aug 2016 06:03:48 RunAndroidInstrumentTests.py[line:88] INFO: run test 97 times.
Fri, 12 Aug 2016 06:10:32 RunAndroidInstrumentTests.py[line:98] INFO: current run time: 625 minutes
Fri, 12 Aug 2016 06:10:32 RunAndroidInstrumentTests.py[line:88] INFO: run test 98 times.
Fri, 12 Aug 2016 06:16:39 RunAndroidInstrumentTests.py[line:98] INFO: current run time: 631 minutes
Fri, 12 Aug 2016 06:16:39 RunAndroidInstrumentTests.py[line:88] INFO: run test 99 times.
Fri, 12 Aug 2016 06:22:47 RunAndroidInstrumentTests.py[line:98] INFO: current run time: 637 minutes
Fri, 12 Aug 2016 06:22:47 RunAndroidInstrumentTests.py[line:88] INFO: run test 100 times.
Fri, 12 Aug 2016 06:29:22 RunAndroidInstrumentTests.py[line:98] INFO: current run time: 643 minutes
Fri, 12 Aug 2016 06:29:22 RunAndroidInstrumentTests.py[line:88] INFO: run test 101 times.
Fri, 12 Aug 2016 06:35:35 RunAndroidInstrumentTests.py[line:98] INFO: current run time: 650 minutes
Fri, 12 Aug 2016 06:35:35 RunAndroidInstrumentTests.py[line:88] INFO: run test 102 times.
Fri, 12 Aug 2016 06:42:18 RunAndroidInstrumentTests.py[line:98] INFO: current run time: 656 minutes
Fri, 12 Aug 2016 06:42:18 RunAndroidInstrumentTests.py[line:88] INFO: run test 103 times.
Fri, 12 Aug 2016 06:48:59 RunAndroidInstrumentTests.py[line:98] INFO: current run time: 663 minutes
Fri, 12 Aug 2016 06:48:59 RunAndroidInstrumentTests.py[line:88] INFO: run test 104 times.
Fri, 12 Aug 2016 06:55:26 RunAndroidInstrumentTests.py[line:98] INFO: current run time: 670 minutes
Fri, 12 Aug 2016 06:55:26 RunAndroidInstrumentTests.py[line:88] INFO: run test 105 times.
Fri, 12 Aug 2016 07:01:52 RunAndroidInstrumentTests.py[line:98] INFO: current run time: 676 minutes
Fri, 12 Aug 2016 07:01:52 RunAndroidInstrumentTests.py[line:88] INFO: run test 106 times.
Fri, 12 Aug 2016 07:08:28 RunAndroidInstrumentTests.py[line:98] INFO: current run time: 683 minutes
Fri, 12 Aug 2016 07:08:28 RunAndroidInstrumentTests.py[line:88] INFO: run test 107 times.
Fri, 12 Aug 2016 07:14:39 RunAndroidInstrumentTests.py[line:98] INFO: current run time: 689 minutes
Fri, 12 Aug 2016 07:14:39 RunAndroidInstrumentTests.py[line:88] INFO: run test 108 times.
Fri, 12 Aug 2016 07:21:17 RunAndroidInstrumentTests.py[line:98] INFO: current run time: 695 minutes
Fri, 12 Aug 2016 07:21:17 RunAndroidInstrumentTests.py[line:88] INFO: run test 109 times.
Fri, 12 Aug 2016 07:27:54 RunAndroidInstrumentTests.py[line:98] INFO: current run time: 702 minutes
Fri, 12 Aug 2016 07:27:54 RunAndroidInstrumentTests.py[line:88] INFO: run test 110 times.
Fri, 12 Aug 2016 07:34:26 RunAndroidInstrumentTests.py[line:98] INFO: current run time: 709 minutes
Fri, 12 Aug 2016 07:34:26 RunAndroidInstrumentTests.py[line:88] INFO: run test 111 times.
Fri, 12 Aug 2016 07:40:38 RunAndroidInstrumentTests.py[line:98] INFO: current run time: 715 minutes
Fri, 12 Aug 2016 07:40:38 RunAndroidInstrumentTests.py[line:88] INFO: run test 112 times.
Fri, 12 Aug 2016 07:46:55 RunAndroidInstrumentTests.py[line:98] INFO: current run time: 721 minutes
Fri, 12 Aug 2016 07:47:09 RunAndroidInstrumentTests.py[line:116] INFO: ----- END run test
